<?xml version="1.0" encoding="UTF-8"?>
<!-- Generated by org.testng.reporters.JUnitReportReporter -->
<testsuite hostname="initializing" failures="0" tests="1" name="Com.Test.Test_tc_001" time="47.580" errors="0" timestamp="2023-03-05T02:14:58 IST" skipped="0">
  <testcase classname="Com.Test.Test_tc_001" name="verify_Login_validCredential" time="47.580"/>
  <system-out/>
</testsuite> <!-- Com.Test.Test_tc_001 -->
